--------------------------------------------------------------------------
[[279,1],0]: A high-performance Open MPI point-to-point messaging module
was unable to find any relevant network interfaces:

Module: OpenFabrics (openib)
  Host: n11

Another transport will be used instead, although this may result in
lower performance.

NOTE: You can disable this warning by setting the MCA parameter
btl_base_warn_component_unused to 0.
--------------------------------------------------------------------------
[1695917152.155569] [n11:63830:0]            sys.c:618  UCX  ERROR shmget(size=2097152 flags=0xfb0) for mm_recv_desc failed: Operation not permitted, please check shared memory limits by 'ipcs -l'
[1695917152.161699] [n11:63831:0]            sys.c:618  UCX  ERROR shmget(size=2097152 flags=0xfb0) for mm_recv_desc failed: Operation not permitted, please check shared memory limits by 'ipcs -l'
[1695917152.164575] [n11:63829:0]            sys.c:618  UCX  ERROR shmget(size=2097152 flags=0xfb0) for mm_recv_desc failed: Operation not permitted, please check shared memory limits by 'ipcs -l'
[1695917152.170848] [n11:63833:0]            sys.c:618  UCX  ERROR shmget(size=2097152 flags=0xfb0) for mm_recv_desc failed: Operation not permitted, please check shared memory limits by 'ipcs -l'
[1695917152.174151] [n11:63835:0]            sys.c:618  UCX  ERROR shmget(size=2097152 flags=0xfb0) for mm_recv_desc failed: Operation not permitted, please check shared memory limits by 'ipcs -l'
[1695917152.176311] [n11:63838:0]            sys.c:618  UCX  ERROR shmget(size=2097152 flags=0xfb0) for mm_recv_desc failed: Operation not permitted, please check shared memory limits by 'ipcs -l'
[1695917152.177655] [n11:63840:0]            sys.c:618  UCX  ERROR shmget(size=2097152 flags=0xfb0) for mm_recv_desc failed: Operation not permitted, please check shared memory limits by 'ipcs -l'
[1695917152.182884] [n11:63842:0]            sys.c:618  UCX  ERROR shmget(size=2097152 flags=0xfb0) for mm_recv_desc failed: Operation not permitted, please check shared memory limits by 'ipcs -l'
Process number: 2 Processor name: n11
Process number: 1 Processor name: n11
Process number: 0 Processor name: n11
Process number: 3 Processor name: n11
Process number: 4 Processor name: n11
Process number: 5 Processor name: n11
Process number: 6 Processor name: n11
Process number: 7 Processor name: n11
[n11:63824] 7 more processes have sent help message help-mpi-btl-base.txt / btl:no-nics
[n11:63824] Set MCA parameter "orte_base_help_aggregate" to 0 to see all help / error messages
VALOR FINAL: 0.069169

real	1m35.897s
user	7m39.217s
sys	0m5.607s
